<?xml version="1.0" encoding="UTF-8"?>
<!-- Generated by org.testng.reporters.JUnitXMLReporter -->
<testsuite hostname="Nalini-Laptop" ignored="0" name="Build-1.0 Results" tests="5" failures="0" timestamp="05 May 2019 02:28:36 GMT" time="66.123" errors="0">
  <testcase name="abc" time="0.011" classname="testNG.AnnaotationRules1"/>
  <testcase name="f" time="0.002" classname="testNG.AnnaotationRules1"/>
  <testcase name="f" time="45.931" classname="testNG.FB_login"/>
  <testcase name="f" time="0.003" classname="testNG.Sample1"/>
  <testcase name="TTD_reg" time="6.312" classname="testNG.TTD_Registration"/>
</testsuite> <!-- Build-1.0 Results -->
