<?xml version="1.0" encoding="UTF-8"?>
<!-- Generated by org.testng.reporters.JUnitXMLReporter -->
<testsuite hostname="Nalini-Laptop" ignored="0" name="Build-1.1 results" tests="5" failures="0" timestamp="05 May 2019 02:40:16 GMT" time="52.054" errors="0">
  <testcase name="f" time="0.01" classname="testNG.Sample1"/>
  <testcase name="abc" time="0.002" classname="testNG.AnnaotationRules1"/>
  <testcase name="f" time="0.002" classname="testNG.AnnaotationRules1"/>
  <testcase name="TTD_reg" time="5.901" classname="testNG.TTD_Registration"/>
  <testcase name="f" time="24.372" classname="testNG.FB_login"/>
</testsuite> <!-- Build-1.1 results -->
